<?xml version="1.0" encoding="utf-8"?><testsuites name="pytest tests"><testsuite name="pytest" errors="0" failures="2" skipped="0" tests="18" time="3.856" timestamp="2026-02-07T10:05:00.713331+00:00" hostname="agent-env-c37698d5-63e1-4bf5-8d68-0b89fa7d4f02"><testcase classname="backend.tests.test_new_features.TestNavigation" name="test_public_navigation_endpoint" time="0.090" /><testcase classname="backend.tests.test_new_features.TestNavigation" name="test_navigation_item_structure" time="0.040" /><testcase classname="backend.tests.test_new_features.TestNavigation" name="test_navigation_highlight_flag" time="0.040" /><testcase classname="backend.tests.test_new_features.TestAdminAuth" name="test_admin_login" time="0.289" /><testcase classname="backend.tests.test_new_features.TestAdminNavigation" name="test_admin_get_navigation" time="0.308" /><testcase classname="backend.tests.test_new_features.TestAdminNavigation" name="test_admin_create_navigation" time="0.398" /><testcase classname="backend.tests.test_new_features.TestAdminNavigation" name="test_admin_update_navigation" time="0.380" /><testcase classname="backend.tests.test_new_features.TestAdminNavigation" name="test_admin_delete_navigation" time="0.380" /><testcase classname="backend.tests.test_new_features.TestAdminNavigation" name="test_admin_seed_navigation" time="0.340" /><testcase classname="backend.tests.test_new_features.TestAdminRefunds" name="test_admin_get_refunds" time="0.298" /><testcase classname="backend.tests.test_new_features.TestAdminRefunds" name="test_admin_get_refunds_with_status_filter" time="0.420" /><testcase classname="backend.tests.test_new_features.TestAdminRefunds" name="test_admin_create_refund_requires_order" time="0.296" /><testcase classname="backend.tests.test_new_features.TestProductImages" name="test_earrings_products_have_valid_images" time="0.039" /><testcase classname="backend.tests.test_new_features.TestProductImages" name="test_for_her_products_have_valid_images" time="0.037" /><testcase classname="backend.tests.test_new_features.TestProductImages" name="test_products_have_hover_images" time="0.036" /><testcase classname="backend.tests.test_new_features.TestWhatsAppSettings" name="test_public_settings_has_whatsapp_number" time="0.035"><failure message="AssertionError: assert 'whatsapp_number' in {'cod_enabled': True, 'contact_email': 'support@namecraft.in', 'contact_phone': '+91 57876543456', 'currency': 'INR', ...}">backend/tests/test_new_features.py:284: in test_public_settings_has_whatsapp_number
    assert "whatsapp_number" in data
E   AssertionError: assert 'whatsapp_number' in {'cod_enabled': True, 'contact_email': 'support@namecraft.in', 'contact_phone': '+91 57876543456', 'currency': 'INR', ...}</failure></testcase><testcase classname="backend.tests.test_new_features.TestWhatsAppSettings" name="test_admin_settings_has_whatsapp_config" time="0.299"><failure message="AssertionError: assert 'whatsapp_enabled' in {'cod_enabled': True, 'contact_email': 'support@namecraft.in', 'contact_phone': '+91 57876543456', 'currency': 'INR', ...}">backend/tests/test_new_features.py:294: in test_admin_settings_has_whatsapp_config
    assert "whatsapp_enabled" in data
E   AssertionError: assert 'whatsapp_enabled' in {'cod_enabled': True, 'contact_email': 'support@namecraft.in', 'contact_phone': '+91 57876543456', 'currency': 'INR', ...}</failure></testcase><testcase classname="backend.tests.test_new_features.TestProductCustomImage" name="test_some_products_allow_custom_image" time="0.042" /></testsuite></testsuites>