<?xml version="1.0" encoding="utf-8"?><testsuites name="pytest tests"><testsuite name="pytest" errors="0" failures="0" skipped="0" tests="17" time="3.718" timestamp="2026-02-07T10:05:50.824020+00:00" hostname="agent-env-c37698d5-63e1-4bf5-8d68-0b89fa7d4f02"><testcase classname="backend.tests.test_new_features.TestNavigation" name="test_public_navigation_endpoint" time="0.065" /><testcase classname="backend.tests.test_new_features.TestNavigation" name="test_navigation_item_structure" time="0.038" /><testcase classname="backend.tests.test_new_features.TestNavigation" name="test_navigation_highlight_flag" time="0.044" /><testcase classname="backend.tests.test_new_features.TestAdminAuth" name="test_admin_login" time="0.261" /><testcase classname="backend.tests.test_new_features.TestAdminNavigation" name="test_admin_get_navigation" time="0.301" /><testcase classname="backend.tests.test_new_features.TestAdminNavigation" name="test_admin_create_navigation" time="0.340" /><testcase classname="backend.tests.test_new_features.TestAdminNavigation" name="test_admin_update_navigation" time="0.386" /><testcase classname="backend.tests.test_new_features.TestAdminNavigation" name="test_admin_delete_navigation" time="0.336" /><testcase classname="backend.tests.test_new_features.TestAdminNavigation" name="test_admin_seed_navigation" time="0.299" /><testcase classname="backend.tests.test_new_features.TestAdminRefunds" name="test_admin_get_refunds" time="0.339" /><testcase classname="backend.tests.test_new_features.TestAdminRefunds" name="test_admin_get_refunds_with_status_filter" time="0.461" /><testcase classname="backend.tests.test_new_features.TestAdminRefunds" name="test_admin_create_refund_requires_order" time="0.300" /><testcase classname="backend.tests.test_new_features.TestProductImages" name="test_earrings_products_have_valid_images" time="0.036" /><testcase classname="backend.tests.test_new_features.TestProductImages" name="test_for_her_products_have_valid_images" time="0.038" /><testcase classname="backend.tests.test_new_features.TestProductImages" name="test_products_have_hover_images" time="0.042" /><testcase classname="backend.tests.test_new_features.TestWhatsAppSettings" name="test_admin_can_update_whatsapp_settings" time="0.337" /><testcase classname="backend.tests.test_new_features.TestProductCustomImage" name="test_some_products_allow_custom_image" time="0.039" /></testsuite></testsuites>