<?xml version="1.0" encoding="utf-8"?><testsuites name="pytest tests"><testsuite name="pytest" errors="0" failures="0" skipped="0" tests="7" time="3.604" timestamp="2026-01-26T11:34:34.916327+00:00" hostname="agent-env-e9de9b9f-38ba-4dbe-8d00-8c98a0d81d95"><testcase classname="backend.tests.test_razorpay.TestRazorpayConfig" name="test_razorpay_config_returns_enabled" time="0.073" /><testcase classname="backend.tests.test_razorpay.TestRazorpayOrderCreation" name="test_create_razorpay_order_success" time="0.803" /><testcase classname="backend.tests.test_razorpay.TestRazorpayOrderCreation" name="test_create_razorpay_order_with_different_amounts" time="2.463" /><testcase classname="backend.tests.test_razorpay.TestRazorpayVerification" name="test_verify_payment_missing_details" time="0.034" /><testcase classname="backend.tests.test_razorpay.TestRazorpayVerification" name="test_verify_payment_invalid_signature" time="0.045" /><testcase classname="backend.tests.test_razorpay.TestOrderCreationWithRazorpay" name="test_create_order_with_razorpay_payment" time="0.091" /><testcase classname="backend.tests.test_razorpay.TestSettingsRazorpayEnabled" name="test_settings_has_razorpay_enabled" time="0.038" /></testsuite></testsuites>